Running Gradle task 'assembleDebug'...                          
lib/screens/licenses_screen.dart:53:9: Error: No named parameter with the name 'iconTheme'.
        iconTheme: const IconThemeData(color: Colors.black),
        ^^^^^^^^^
../../../../AppData/Local/Pub/Cache/hosted/pub.dev/app_bar_m3e-0.1.2/lib/src/app_bar_m3e_widget.dart:7:9: Context: Found this candidate, but the arguments don't match.
  const AppBarM3E({
        ^^^^^^^^^
Target kernel_snapshot_program failed: Exception


FAILURE: Build failed with an exception.

* What went wrong:
Execution failed for task ':app:compileFlutterBuildDebug'.
> Process 'command 'C:\Users\bhargava\flutter\bin\flutter.bat'' finished with non-zero exit value 1

* Try:
> Run with --stacktrace option to get the stack trace.
> Run with --info or --debug option to get more log output.
> Run with --scan to get full insights.
> Get more help at https://help.gradle.org.

BUILD FAILED in 4s
Running Gradle task 'assembleDebug'...                              5.2s
Gradle task assembleDebug failed with exit code 1
